Retrieving project…
Deploying eusouyokoyama-8150s-projects/planejar-app
Uploading [--------------------] (0.0B/1.3KB)
Uploading [====================] (1.3KB/1.3KB)
Inspect: https://vercel.com/eusouyokoyama-8150s-projects/planejar-app/6yi4KTo8cgWnR79y5VAB7sbtZyKg [27s]
Production: https://planejar-4u075wzah-eusouyokoyama-8150s-projects.vercel.app [27s]
https://planejar-4u075wzah-eusouyokoyama-8150s-projects.vercel.appBuilding...
Building...
Building: Running build in Washington, D.C., USA (East) – iad1
Building: Build machine configuration: 2 cores, 8 GB
Building: Retrieving list of deployment files...
Building: Previous build caches not available.
Building: Downloading 55 deployment files...
Building: Running "vercel build"
Building: Vercel CLI 51.6.1
Building: Installing dependencies...
Building: npm warn deprecated rimraf@3.0.2: Rimraf versions prior to v4 are no longer supported
Building: npm warn deprecated inflight@1.0.6: This module is not supported, and leaks memory. Do not use it. Check out lru-cache if you want a good and tested way to coalesce async requests by a key value, which is much more comprehensive and powerful.
Building: npm warn deprecated @humanwhocodes/config-array@0.13.0: Use @eslint/config-array instead
Building: npm warn deprecated @humanwhocodes/object-schema@2.0.3: Use @eslint/object-schema instead
Building: npm warn deprecated node-domexception@1.0.0: Use your platform's native DOMException instead
Building: npm warn deprecated glob@7.2.3: Old versions of glob are not supported, and contain widely publicized security vulnerabilities, which have been fixed in the current version. Please update. Support for old versions may be purchased (at exorbitant rates) by contacting i@izs.me
Building: npm warn deprecated glob@10.3.10: Old versions of glob are not supported, and contain widely publicized security vulnerabilities, which have been fixed in the current version. Please update. Support for old versions may be purchased (at exorbitant rates) by contacting i@izs.me
Building: npm warn deprecated eslint@8.57.1: This version is no longer supported. Please see https://eslint.org/version-support for other options.
Building: added 581 packages in 17s
Building: 175 packages are looking for funding
Building: run `npm fund` for details
Building: Detected Next.js version: 14.2.35
Building: Running "npm run build"
Building: > planejar-app@0.1.0 build
Building: > prisma generate && next build
Building: [dotenv@17.3.1] injecting env (0) from .env.local -- tip: ⚙️  write to custom object with { processEnv: myObject }
Building: [dotenv@17.3.1] injecting env (1) from .env -- tip: 🔐 prevent building .env in docker: https://dotenvx.com/prebuild
Building: Loaded Prisma config from prisma.config.ts.
Building: Prisma schema loaded from prisma/schema.prisma.
Building: Error: Prisma schema validation - (get-config wasm)
Building: Error code: P1012
Building: error: The datasource property `url` is no longer supported in schema files. Move connection URLs for Migrate to `prisma.config.ts` and pass either `adapter` for a direct database connection or `accelerateUrl` for Accelerate to the `PrismaClient` constructor. See https://pris.ly/d/config-datasource and https://pris.ly/d/prisma7-client-config
Building: -->  prisma/schema.prisma:7
Building: |
Building: 6 |   provider = "sqlite"
Building: 7 |   url      = env("DATABASE_URL")
Building: |
Building: Validation Error Count: 1
Building: [Context: getConfig]
Building: Prisma CLI Version : 7.6.0
Building: Error: Command "npm run build" exited with 1
Error: Command "npm run build" exited with 1
