Retrieving project…
Deploying eusouyokoyama-8150s-projects/planejar-app
Uploading [--------------------] (0.0B/6.8KB)
Uploading [=========-----------] (3.2KB/6.8KB)
Uploading [====================] (6.8KB/6.8KB)
Inspect: https://vercel.com/eusouyokoyama-8150s-projects/planejar-app/FYGshCXGkZB35veHj5eRFFZHmBD6 [27s]
Production: https://planejar-bbxq7zfgl-eusouyokoyama-8150s-projects.vercel.app [27s]
https://planejar-bbxq7zfgl-eusouyokoyama-8150s-projects.vercel.appBuilding...
Building...
Building: Running build in Washington, D.C., USA (East) – iad1
Building: Build machine configuration: 2 cores, 8 GB
Building: Retrieving list of deployment files...
Building: Previous build caches not available.
Building: Downloading 56 deployment files...
Building: Running "vercel build"
Building: Vercel CLI 51.6.1
Building: Installing dependencies...
Building: npm warn deprecated rimraf@3.0.2: Rimraf versions prior to v4 are no longer supported
Building: npm warn deprecated inflight@1.0.6: This module is not supported, and leaks memory. Do not use it. Check out lru-cache if you want a good and tested way to coalesce async requests by a key value, which is much more comprehensive and powerful.
Building: npm warn deprecated node-domexception@1.0.0: Use your platform's native DOMException instead
Building: npm warn deprecated @humanwhocodes/object-schema@2.0.3: Use @eslint/object-schema instead
Building: npm warn deprecated @humanwhocodes/config-array@0.13.0: Use @eslint/config-array instead
Building: npm warn deprecated glob@7.2.3: Old versions of glob are not supported, and contain widely publicized security vulnerabilities, which have been fixed in the current version. Please update. Support for old versions may be purchased (at exorbitant rates) by contacting i@izs.me
Building: npm warn deprecated glob@10.3.10: Old versions of glob are not supported, and contain widely publicized security vulnerabilities, which have been fixed in the current version. Please update. Support for old versions may be purchased (at exorbitant rates) by contacting i@izs.me
Building: npm warn deprecated eslint@8.57.1: This version is no longer supported. Please see https://eslint.org/version-support for other options.
