Retrieving project…
Deploying eusouyokoyama-8150s-projects/planejar-app
Uploading [--------------------] (0.0B/798B)
Uploading [====================] (798.0B/798B)
Inspect: https://vercel.com/eusouyokoyama-8150s-projects/planejar-app/6Fu9Qcj6yREdTWfajcgr1hgFxxWQ [24s]
Production: https://planejar-3mepn53bh-eusouyokoyama-8150s-projects.vercel.app [24s]
Building...
Building...
Building: Running build in Washington, D.C., USA (East) – iad1
Building: Build machine configuration: 2 cores, 8 GB
Building: Retrieving list of deployment files...
Building: Previous build caches not available.
Building: Downloading 54 deployment files...
Building: Running "vercel build"
Building: Vercel CLI 51.6.1
Building: Installing dependencies...
Building: npm warn deprecated rimraf@3.0.2: Rimraf versions prior to v4 are no longer supported
Building: npm warn deprecated inflight@1.0.6: This module is not supported, and leaks memory. Do not use it. Check out lru-cache if you want a good and tested way to coalesce async requests by a key value, which is much more comprehensive and powerful.
Building: npm warn deprecated node-domexception@1.0.0: Use your platform's native DOMException instead
Building: npm warn deprecated @humanwhocodes/config-array@0.13.0: Use @eslint/config-array instead
Building: npm warn deprecated @humanwhocodes/object-schema@2.0.3: Use @eslint/object-schema instead
Building: npm warn deprecated glob@7.2.3: Old versions of glob are not supported, and contain widely publicized security vulnerabilities, which have been fixed in the current version. Please update. Support for old versions may be purchased (at exorbitant rates) by contacting i@izs.me
Building: npm warn deprecated glob@10.3.10: Old versions of glob are not supported, and contain widely publicized security vulnerabilities, which have been fixed in the current version. Please update. Support for old versions may be purchased (at exorbitant rates) by contacting i@izs.me
Building: npm warn deprecated eslint@8.57.1: This version is no longer supported. Please see https://eslint.org/version-support for other options.
Building: added 581 packages in 20s
Building: 175 packages are looking for funding
Building: run `npm fund` for details
Building: Detected Next.js version: 14.2.35
Building: Running "npm run build"
Building: > planejar-app@0.1.0 build
Building: > next build
Building: Attention: Next.js now collects completely anonymous telemetry regarding usage.
Building: This information is used to shape Next.js' roadmap and prioritize features.
Building: You can learn more, including how to opt-out if you'd not like to participate in this anonymous program, by visiting the following URL:
Building: https://nextjs.org/telemetry
Building: ▲ Next.js 14.2.35
Building: - Environments: .env
Building: Creating an optimized production build ...
Building: ✓ Compiled successfully
Building: Linting and checking validity of types ...
Building: Failed to compile.
Building: ./src/app/(dashboard)/dashboard/page.tsx
Building: 21:16  Error: Unexpected any. Specify a different type.  @typescript-eslint/no-explicit-any
Building: 22:19  Error: Unexpected any. Specify a different type.  @typescript-eslint/no-explicit-any
Building: 138:35  Error: Unexpected any. Specify a different type.  @typescript-eslint/no-explicit-any
Building: info  - Need to disable some ESLint rules? Learn more here: https://nextjs.org/docs/basic-features/eslint#disabling-rules
Building: Error: Command "npm run build" exited with 1
{
  "status": "error",
  "reason": "deploy_failed",
  "message": "Command \"npm run build\" exited with 1",
  "next": [
    {
      "command": "vercel deploy",
      "when": "retry deploy"
    }
  ]
}
Error: Command "npm run build" exited with 1
